<?xml version="1.0" encoding="UTF-8"?>
<!-- Generated by org.testng.reporters.JUnitXMLReporter -->
<testsuite ignored="4" hostname="DESKTOP-BAS9I4H" failures="2" tests="5" name="test21" time="6.138" errors="0" timestamp="2021-04-06T02:31:12 EDT">
  <testcase classname="com.bit.test.SmokeTest" name="test1" time="0.0">
    <failure type="org.testng.TestNGException" message="
Parameter &amp;apos;browser&amp;apos; is required by @Test on method test1 but has not been marked @Optional or defined
in C:\Users\Shamima Nasrin\eclipse-workspace\TestNGProject200926M\src\test\java\testng3.xml">
      <![CDATA[org.testng.TestNGException: 
Parameter 'browser' is required by @Test on method test1 but has not been marked @Optional or defined
in C:\Users\Shamima Nasrin\eclipse-workspace\TestNGProject200926M\src\test\java\testng3.xml
at java.base/java.util.concurrent.ThreadPoolExecutor.runWorker(ThreadPoolExecutor.java:1130)
at java.base/java.util.concurrent.ThreadPoolExecutor$Worker.run(ThreadPoolExecutor.java:630)
at java.base/java.lang.Thread.run(Thread.java:832)
... Removed 11 stack frames]]>
    </failure>
  </testcase> <!-- test1 -->
  <testcase classname="com.bit.test.RegressionTest" name="BuyPants" time="0.001"/>
  <testcase classname="com.bit.test.RegressionTest" name="BuyShirt" time="0.001"/>
  <testcase classname="com.bit.test.SmokeTest" name="test11" time="3.338"/>
  <testcase classname="com.bit.test.SmokeTest" name="test21" time="2.75">
    <failure type="java.lang.AssertionError" message="The following asserts failed:
	expected [true] but found [false]">
      <![CDATA[java.lang.AssertionError: The following asserts failed:
expected [true] but found [false]
at com.bit.test.SmokeTest.test21(SmokeTest.java:31)
at java.base/java.util.concurrent.ThreadPoolExecutor.runWorker(ThreadPoolExecutor.java:1130)
at java.base/java.util.concurrent.ThreadPoolExecutor$Worker.run(ThreadPoolExecutor.java:630)
at java.base/java.lang.Thread.run(Thread.java:832)
... Removed 14 stack frames]]>
    </failure>
  </testcase> <!-- test21 -->
  <testcase classname="com.bit.test.BastTest" name="@BeforeSuite beforeSuite" time="0.0">
    <ignored/>
  </testcase> <!-- @BeforeSuite beforeSuite -->
  <testcase classname="com.bit.test.BastTest" name="@AfterTest afterTest" time="0.0">
    <ignored/>
  </testcase> <!-- @AfterTest afterTest -->
  <testcase classname="com.bit.test.BastTest" name="@BeforeTest beforeTest" time="0.0">
    <ignored/>
  </testcase> <!-- @BeforeTest beforeTest -->
  <testcase classname="com.bit.test.BastTest" name="@AfterSuite afterSuit" time="0.0">
    <ignored/>
  </testcase> <!-- @AfterSuite afterSuit -->
</testsuite> <!-- test21 -->
